<?xml version="1.0" encoding="UTF-8"?>
<!-- Generated by org.testng.reporters.JUnitReportReporter -->
<testsuite hostname="Nandhitha" failures="0" tests="1" name="testCases.MenuTitleValidationTest" time="0.278" errors="0" timestamp="2024-09-13T10:45:43 IST" skipped="0">
  <testcase classname="testCases.MenuTitleValidationTest" name="menu_navigation" time="0.278"/>
</testsuite> <!-- testCases.MenuTitleValidationTest -->
